<?xml version="1.0" encoding="UTF-8"?>
<testng-results ignored="0" total="4" passed="4" failed="0" skipped="0">
  <reporter-output>
  </reporter-output>
  <suite started-at="2020-04-08T00:30:00Z" name="All Test Suite" finished-at="2020-04-08T00:30:00Z" duration-ms="37">
    <groups>
    </groups>
    <test started-at="2020-04-08T00:30:00Z" name="/Users/mike/IdeaProjects/Maven_02" finished-at="2020-04-08T00:30:00Z" duration-ms="37">
      <class name="AppiumTest">
        <test-method signature="NativeAppAndroid()[pri:0, instance:AppiumTest@4e4aea35]" started-at="2020-04-08T00:30:00Z" name="NativeAppAndroid" finished-at="2020-04-08T00:30:00Z" duration-ms="5" status="PASS">
          <reporter-output>
          </reporter-output>
        </test-method> <!-- NativeAppAndroid -->
        <test-method signature="iOSApp()[pri:0, instance:AppiumTest@4e4aea35]" started-at="2020-04-08T00:30:00Z" name="iOSApp" finished-at="2020-04-08T00:30:00Z" duration-ms="1" status="PASS">
          <reporter-output>
          </reporter-output>
        </test-method> <!-- iOSApp -->
      </class> <!-- AppiumTest -->
      <class name="RESTAPITest">
        <test-method signature="PostJira()[pri:0, instance:RESTAPITest@1442d7b5]" started-at="2020-04-08T00:30:00Z" name="PostJira" finished-at="2020-04-08T00:30:00Z" duration-ms="0" status="PASS">
          <reporter-output>
          </reporter-output>
        </test-method> <!-- PostJira -->
        <test-method signature="deleteTwitter()[pri:0, instance:RESTAPITest@1442d7b5]" started-at="2020-04-08T00:30:00Z" name="deleteTwitter" finished-at="2020-04-08T00:30:00Z" duration-ms="0" status="PASS">
          <reporter-output>
          </reporter-output>
        </test-method> <!-- deleteTwitter -->
      </class> <!-- RESTAPITest -->
    </test> <!-- /Users/mike/IdeaProjects/Maven_02 -->
  </suite> <!-- All Test Suite -->
</testng-results>
