<?xml version="1.0" encoding="UTF-8"?>
<!-- Generated by org.testng.reporters.JUnitXMLReporter -->
<testsuite ignored="0" hostname="Mikes-MacBook.local" failures="0" tests="4" name="/Users/mike/IdeaProjects/Maven_02" time="0.037" errors="0" timestamp="08 Apr 2020 00:30:00 GMT">
  <testcase classname="AppiumTest" name="NativeAppAndroid" time="0.005"/>
  <testcase classname="AppiumTest" name="iOSApp" time="0.001"/>
  <testcase classname="RESTAPITest" name="PostJira" time="0.0"/>
  <testcase classname="RESTAPITest" name="deleteTwitter" time="0.0"/>
</testsuite> <!-- /Users/mike/IdeaProjects/Maven_02 -->
